# JRE version: OpenJDK Runtime Environment (11.0.8+10) (build 11.0.8+10-b944.6842174)
# Java VM: OpenJDK 64-Bit Server VM (11.0.8+10-b944.6842174, mixed mode, tiered, compressed oops, g1 gc, windows-amd64)
Heap:
 garbage-first heap   total 315392K, used 39213K [0x0000000701400000, 0x0000000800000000)
  region size 1024K, 13 young (13312K), 13 survivors (13312K)
 Metaspace       used 48852K, capacity 49438K, committed 49744K, reserved 1093632K
  class space    used 5644K, capacity 5870K, committed 6012K, reserved 1048576K
GC Heap History (9 events):
Event: 0.682 GC heap before
{Heap before GC invocations=0 (full 0):
 garbage-first heap   total 262144K, used 17408K [0x0000000701400000, 0x0000000800000000)
  region size 1024K, 14 young (14336K), 0 survivors (0K)
 Metaspace       used 9767K, capacity 9839K, committed 10112K, reserved 1058816K
  class space    used 824K, capacity 852K, committed 896K, reserved 1048576K
}
Event: 0.686 GC heap after
{Heap after GC invocations=1 (full 0):
 garbage-first heap   total 262144K, used 5160K [0x0000000701400000, 0x0000000800000000)
  region size 1024K, 2 young (2048K), 2 survivors (2048K)
 Metaspace       used 9767K, capacity 9839K, committed 10112K, reserved 1058816K
  class space    used 824K, capacity 852K, committed 896K, reserved 1048576K
}
Event: 2.021 GC heap before
{Heap before GC invocations=1 (full 0):
 garbage-first heap   total 262144K, used 55336K [0x0000000701400000, 0x0000000800000000)
  region size 1024K, 52 young (53248K), 2 survivors (2048K)
 Metaspace       used 20971K, capacity 21194K, committed 21248K, reserved 1069056K
  class space    used 2208K, capacity 2297K, committed 2304K, reserved 1048576K
}
Event: 2.036 GC heap after
{Heap after GC invocations=2 (full 0):
 garbage-first heap   total 262144K, used 9486K [0x0000000701400000, 0x0000000800000000)
  region size 1024K, 7 young (7168K), 7 survivors (7168K)
 Metaspace       used 20971K, capacity 21194K, committed 21248K, reserved 1069056K
  class space    used 2208K, capacity 2297K, committed 2304K, reserved 1048576K
}
Event: 4.526 GC heap before
{Heap before GC invocations=3 (full 0):
 garbage-first heap   total 262144K, used 76046K [0x0000000701400000, 0x0000000800000000)
  region size 1024K, 60 young (61440K), 7 survivors (7168K)
 Metaspace       used 31240K, capacity 31733K, committed 31996K, reserved 1077248K
  class space    used 3610K, capacity 3774K, committed 3836K, reserved 1048576K
}
Event: 4.570 GC heap after
{Heap after GC invocations=4 (full 0):
 garbage-first heap   total 262144K, used 25605K [0x0000000701400000, 0x0000000800000000)
  region size 1024K, 8 young (8192K), 8 survivors (8192K)
 Metaspace       used 31240K, capacity 31733K, committed 31996K, reserved 1077248K
  class space    used 3610K, capacity 3774K, committed 3836K, reserved 1048576K
}
Event: 5.298 GC heap before
{Heap before GC invocations=4 (full 0):
 garbage-first heap   total 262144K, used 47109K [0x0000000701400000, 0x0000000800000000)
  region size 1024K, 30 young (30720K), 8 survivors (8192K)
 Metaspace       used 35404K, capacity 35786K, committed 36048K, reserved 1081344K
  class space    used 4092K, capacity 4229K, committed 4348K, reserved 1048576K
}
Event: 5.325 GC heap after
{Heap after GC invocations=5 (full 0):
 garbage-first heap   total 262144K, used 25076K [0x0000000701400000, 0x0000000800000000)
  region size 1024K, 3 young (3072K), 3 survivors (3072K)
 Metaspace       used 35404K, capacity 35786K, committed 36048K, reserved 1081344K
  class space    used 4092K, capacity 4229K, committed 4348K, reserved 1048576K
}
Event: 8.068 GC heap before
{Heap before GC invocations=6 (full 0):
 garbage-first heap   total 262144K, used 128500K [0x0000000701400000, 0x0000000800000000)
  region size 1024K, 101 young (103424K), 3 survivors (3072K)
 Metaspace       used 48852K, capacity 49438K, committed 49744K, reserved 1093632K
  class space    used 5644K, capacity 5870K, committed 6012K, reserved 1048576K
}

